#
# There is insufficient memory for the Java Runtime Environment to continue.
# Native memory allocation (mmap) failed to map 98566144 bytes. Error detail: G1 virtual space
# Possible reasons:
#   The system is out of physical RAM or swap space
#   This process is running with CompressedOops enabled, and the Java Heap may be blocking the growth of the native heap
# Possible solutions:
#   Reduce memory load on the system
#   Increase physical memory or swap space
#   Check if swap backing store is full
#   Decrease Java heap size (-Xmx/-Xms)
#   Decrease number of Java threads
#   Decrease Java thread stack sizes (-Xss)
#   Set larger code cache with -XX:ReservedCodeCacheSize=
#   JVM is running with Unscaled Compressed Oops mode in which the Java heap is
#     placed in the first 4GB address space. The Java Heap base address is the
#     maximum limit for the native heap growth. Please use -XX:HeapBaseMinAddress
#     to set the Java Heap base and to place the Java Heap above 4GB virtual address.
# This output file may be truncated or incomplete.
#
#  Out of Memory Error (os_windows.cpp:3707), pid=13504, tid=21188
#
# JRE version:  (23.0.2+7) (build )
# Java VM: Java HotSpot(TM) 64-Bit Server VM (23.0.2+7-58, mixed mode, sharing, tiered, compressed oops, compressed class ptrs, g1 gc, windows-amd64)
# No core dump will be written. Minidumps are not enabled by default on client versions of Windows
#

---------------  S U M M A R Y ------------

Command Line: -Dclassworlds.conf=C:\Users\lenvo\.m2\wrapper\dists\apache-maven-3.9.12\59fe215c0ad6947fea90184bf7add084544567b927287592651fda3782e0e798\bin\m2.conf -Dmaven.home=C:\Users\lenvo\.m2\wrapper\dists\apache-maven-3.9.12\59fe215c0ad6947fea90184bf7add084544567b927287592651fda3782e0e798 -Dlibrary.jansi.path=C:\Users\lenvo\.m2\wrapper\dists\apache-maven-3.9.12\59fe215c0ad6947fea90184bf7add084544567b927287592651fda3782e0e798\lib\jansi-native -Dmaven.multiModuleProjectDirectory=C:\Users\lenvo\Downloads\docai-v2\docai-v2 org.codehaus.plexus.classworlds.launcher.Launcher clean spring-boot:build-image -Dspring-boot.build-image.imageName=himanshu678/docai_backend

Host: AMD Ryzen 5 5500U with Radeon Graphics         , 12 cores, 5G,  Windows 11 , 64 bit Build 26100 (10.0.26100.7705)
Time: Fri Jan 30 23:50:41 2026 India Standard Time elapsed time: 2.118036 seconds (0d 0h 0m 2s)

---------------  T H R E A D  ---------------

Current thread (0x000001baaff697d0):  JavaThread "Unknown thread" [_thread_in_vm, id=21188, stack(0x00000021b6d00000,0x00000021b6e00000) (1024K)]

Stack: [0x00000021b6d00000,0x00000021b6e00000]
Native frames: (J=compiled Java code, j=interpreted, Vv=VM code, C=native code)
V  [jvm.dll+0x6e0b99]  (no source info available)
V  [jvm.dll+0x87e2b3]  (no source info available)
V  [jvm.dll+0x88073e]  (no source info available)
V  [jvm.dll+0x880e13]  (no source info available)
V  [jvm.dll+0x27b006]  (no source info available)
V  [jvm.dll+0x6dd485]  (no source info available)
V  [jvm.dll+0x6d127a]  (no source info available)
V  [jvm.dll+0x35b50a]  (no source info available)
V  [jvm.dll+0x363916]  (no source info available)
V  [jvm.dll+0x34fe7e]  (no source info available)
V  [jvm.dll+0x350118]  (no source info available)
V  [jvm.dll+0x328aec]  (no source info available)
V  [jvm.dll+0x32978e]  (no source info available)
V  [jvm.dll+0x8449a5]  (no source info available)
V  [jvm.dll+0x3b9a08]  (no source info available)
V  [jvm.dll+0x82d68c]  (no source info available)
V  [jvm.dll+0x454f2e]  (no source info available)
V  [jvm.dll+0x456db1]  (no source info available)
C  [jli.dll+0x52a3]  (no source info available)
C  [ucrtbase.dll+0x37b0]  (no source info available)
C  [KERNEL32.DLL+0x2e8d7]  (no source info available)
C  [ntdll.dll+0x8c40c]  (no source info available)

Lock stack of current Java thread (top to bottom):


---------------  P R O C E S S  ---------------

Threads class SMR info:
_java_thread_list=0x00007ffcfb1d4618, length=0, elements={
}

Java Threads: ( => current thread )
Total: 0

Other Threads:
  0x000001baaffb36c0 WorkerThread "GC Thread#0"                     [id=22020, stack(0x00000021b6e00000,0x00000021b6f00000) (1024K)]
  0x000001baaffc5750 ConcurrentGCThread "G1 Main Marker"            [id=13076, stack(0x00000021b6f00000,0x00000021b7000000) (1024K)]
  0x000001baaffc6260 WorkerThread "G1 Conc#0"                       [id=23356, stack(0x00000021b7000000,0x00000021b7100000) (1024K)]

[error occurred during error reporting (printing all threads), id 0xc0000005, EXCEPTION_ACCESS_VIOLATION (0xc0000005) at pc=0x00007ffcfa91c0da]
VM state: not at safepoint (not fully initialized)

VM Mutex/Monitor currently owned by a thread:  ([mutex/lock_event])
[0x00007ffcfb254988] Heap_lock - owner thread: 0x000001baaff697d0

Heap address: 0x00000000a2600000, size: 1498 MB, Compressed Oops mode: 32-bit

CDS archive(s) mapped at: [0x0000000000000000-0x0000000000000000-0x0000000000000000), size 0, SharedBaseAddress: 0x0000000800000000, ArchiveRelocationMode: 1.
Narrow klass base: 0x0000000000000000, Narrow klass shift: 0, Narrow klass range: 0x0

GC Precious Log:
 CardTable entry size: 512
 Card Set container configuration: InlinePtr #cards 5 size 8 Array Of Cards #cards 10 size 36 Howl #buckets 4 coarsen threshold 1843 Howl Bitmap #cards 512 size 80 coarsen threshold 460 Card regions per heap region 1 cards per card region 2048

Heap:
 garbage-first heap   total reserved 1533952K, committed 0K, used 0K [0x00000000a2600000, 0x0000000100000000)
  region size 1024K, 0 young (0K), 0 survivors (0K)

[error occurred during error reporting (printing heap information), id 0xc0000005, EXCEPTION_ACCESS_VIOLATION (0xc0000005) at pc=0x00007ffcfad1c6a9]
GC Heap History (0 events):
No events

Dll operation events (1 events):
Event: 0.056 Loaded shared library C:\Program Files\Java\jdk-23\bin\java.dll

Deoptimization events (0 events):
No events

Classes loaded (0 events):
No events

Classes unloaded (0 events):
No events

Classes redefined (0 events):
No events

Internal exceptions (0 events):
No events

VM Operations (0 events):
No events

Memory protections (0 events):
No events

Nmethod flushes (0 events):
No events

Events (0 events):
No events


Dynamic libraries:
0x00007ff791ec0000 - 0x00007ff791ed0000 	C:\Program Files\Java\jdk-23\bin\java.exe
0x00007ffdb9b40000 - 0x00007ffdb9da8000 	C:\WINDOWS\SYSTEM32\ntdll.dll
0x00007ffdb8e20000 - 0x00007ffdb8ee9000 	C:\WINDOWS\System32\KERNEL32.DLL
0x00007ffdb6790000 - 0x00007ffdb6b81000 	C:\WINDOWS\System32\KERNELBASE.dll
0x00007ffdb7610000 - 0x00007ffdb775b000 	C:\WINDOWS\System32\ucrtbase.dll
0x00007ffdac6c0000 - 0x00007ffdac6db000 	C:\Program Files\Java\jdk-23\bin\VCRUNTIME140.dll
0x00007ffdac6a0000 - 0x00007ffdac6b7000 	C:\Program Files\Java\jdk-23\bin\jli.dll
0x00007ffdb82f0000 - 0x00007ffdb84b6000 	C:\WINDOWS\System32\USER32.dll
0x00007ffdb6b90000 - 0x00007ffdb6bb7000 	C:\WINDOWS\System32\win32u.dll
0x00007ffd9a050000 - 0x00007ffd9a2e3000 	C:\WINDOWS\WinSxS\amd64_microsoft.windows.common-controls_6595b64144ccf1df_6.0.26100.7705_none_3e06597ae3363b04\COMCTL32.dll
0x00007ffdb8fe0000 - 0x00007ffdb9089000 	C:\WINDOWS\System32\msvcrt.dll
0x00007ffdb7990000 - 0x00007ffdb79bb000 	C:\WINDOWS\System32\GDI32.dll
0x00007ffdb6bc0000 - 0x00007ffdb6ceb000 	C:\WINDOWS\System32\gdi32full.dll
0x00007ffdb6cf0000 - 0x00007ffdb6d93000 	C:\WINDOWS\System32\msvcp_win.dll
0x00007ffdb8830000 - 0x00007ffdb8861000 	C:\WINDOWS\System32\IMM32.DLL
0x00007ffdac690000 - 0x00007ffdac69c000 	C:\Program Files\Java\jdk-23\bin\vcruntime140_1.dll
0x00007ffd80460000 - 0x00007ffd804ee000 	C:\Program Files\Java\jdk-23\bin\msvcp140.dll
0x00007ffcfa5e0000 - 0x00007ffcfb330000 	C:\Program Files\Java\jdk-23\bin\server\jvm.dll
0x00007ffdb7bf0000 - 0x00007ffdb7ca4000 	C:\WINDOWS\System32\ADVAPI32.dll
0x00007ffdb78e0000 - 0x00007ffdb7986000 	C:\WINDOWS\System32\sechost.dll
0x00007ffdb8870000 - 0x00007ffdb8988000 	C:\WINDOWS\System32\RPCRT4.dll
0x00007ffdb7a00000 - 0x00007ffdb7a74000 	C:\WINDOWS\System32\WS2_32.dll
0x00007ffdb6270000 - 0x00007ffdb62ce000 	C:\WINDOWS\SYSTEM32\POWRPROF.dll
0x00007ffdaf800000 - 0x00007ffdaf80b000 	C:\WINDOWS\SYSTEM32\VERSION.dll
0x00007ffdaed40000 - 0x00007ffdaed75000 	C:\WINDOWS\SYSTEM32\WINMM.dll
0x00007ffdb6250000 - 0x00007ffdb6264000 	C:\WINDOWS\SYSTEM32\UMPDC.dll
0x00007ffdb51d0000 - 0x00007ffdb51eb000 	C:\WINDOWS\SYSTEM32\kernel.appcore.dll
0x00007ffdac630000 - 0x00007ffdac63a000 	C:\Program Files\Java\jdk-23\bin\jimage.dll
0x00007ffdb4460000 - 0x00007ffdb46a2000 	C:\WINDOWS\SYSTEM32\DBGHELP.DLL
0x00007ffdb7cd0000 - 0x00007ffdb8056000 	C:\WINDOWS\System32\combase.dll
0x00007ffdb8210000 - 0x00007ffdb82e7000 	C:\WINDOWS\System32\OLEAUT32.dll
0x00007ffd9b5c0000 - 0x00007ffd9b5fb000 	C:\WINDOWS\SYSTEM32\dbgcore.DLL
0x00007ffdb6620000 - 0x00007ffdb66c5000 	C:\WINDOWS\System32\bcryptPrimitives.dll
0x00007ffda4fa0000 - 0x00007ffda4fbe000 	C:\Program Files\Java\jdk-23\bin\java.dll
0x00007ffdb9200000 - 0x00007ffdb9397000 	C:\WINDOWS\System32\ole32.dll
0x00007ffdb93a0000 - 0x00007ffdb9af1000 	C:\WINDOWS\System32\SHELL32.dll
0x00007ffdb64b0000 - 0x00007ffdb661a000 	C:\WINDOWS\System32\wintypes.dll

dbghelp: loaded successfully - version: 4.0.5 - missing functions: none
symbol engine: initialized successfully - sym options: 0x614 - pdb path: .;C:\Program Files\Java\jdk-23\bin;C:\WINDOWS\SYSTEM32;C:\WINDOWS\WinSxS\amd64_microsoft.windows.common-controls_6595b64144ccf1df_6.0.26100.7705_none_3e06597ae3363b04;C:\Program Files\Java\jdk-23\bin\server

VM Arguments:
jvm_args: -Dclassworlds.conf=C:\Users\lenvo\.m2\wrapper\dists\apache-maven-3.9.12\59fe215c0ad6947fea90184bf7add084544567b927287592651fda3782e0e798\bin\m2.conf -Dmaven.home=C:\Users\lenvo\.m2\wrapper\dists\apache-maven-3.9.12\59fe215c0ad6947fea90184bf7add084544567b927287592651fda3782e0e798 -Dlibrary.jansi.path=C:\Users\lenvo\.m2\wrapper\dists\apache-maven-3.9.12\59fe215c0ad6947fea90184bf7add084544567b927287592651fda3782e0e798\lib\jansi-native -Dmaven.multiModuleProjectDirectory=C:\Users\lenvo\Downloads\docai-v2\docai-v2 
java_command: org.codehaus.plexus.classworlds.launcher.Launcher clean spring-boot:build-image -Dspring-boot.build-image.imageName=himanshu678/docai_backend
java_class_path (initial): C:\Users\lenvo\.m2\wrapper\dists\apache-maven-3.9.12\59fe215c0ad6947fea90184bf7add084544567b927287592651fda3782e0e798\boot\plexus-classworlds-2.9.0.jar
Launcher Type: SUN_STANDARD

[Global flags]
     intx CICompilerCount                          = 4                                         {product} {ergonomic}
     uint ConcGCThreads                            = 3                                         {product} {ergonomic}
     uint G1ConcRefinementThreads                  = 10                                        {product} {ergonomic}
   size_t G1HeapRegionSize                         = 1048576                                   {product} {ergonomic}
   size_t InitialHeapSize                          = 98566144                                  {product} {ergonomic}
   size_t MarkStackSize                            = 4194304                                   {product} {ergonomic}
   size_t MarkStackSizeMax                         = 536870912                                 {product} {ergonomic}
   size_t MaxHeapSize                              = 1570766848                                {product} {ergonomic}
   size_t MinHeapDeltaBytes                        = 1048576                                   {product} {ergonomic}
   size_t MinHeapSize                              = 8388608                                   {product} {ergonomic}
    uintx NonNMethodCodeHeapSize                   = 5832704                                {pd product} {ergonomic}
    uintx NonProfiledCodeHeapSize                  = 122945536                              {pd product} {ergonomic}
    uintx ProfiledCodeHeapSize                     = 122880000                              {pd product} {ergonomic}
    uintx ReservedCodeCacheSize                    = 251658240                              {pd product} {ergonomic}
     bool SegmentedCodeCache                       = true                                      {product} {ergonomic}
   size_t SoftMaxHeapSize                          = 1570766848                             {manageable} {ergonomic}
     bool UseCompressedOops                        = true                           {product lp64_product} {ergonomic}
     bool UseG1GC                                  = true                                      {product} {ergonomic}
     bool UseLargePagesIndividualAllocation        = false                                  {pd product} {ergonomic}

Logging:
Log output configuration:
 #0: stdout all=warning uptime,level,tags foldmultilines=false
 #1: stderr all=off uptime,level,tags foldmultilines=false

Environment Variables:
PATH=C:\Program Files\Common Files\Oracle\Java\javapath;C:\Windows\system32;C:\Windows;C:\Windows\System32\Wbem;C:\Windows\System32\WindowsPowerShell\v1.0\;C:\Windows\System32\OpenSSH\;C:\Program Files\Git\cmd;C:\Program Files\Git\mingw64\bin;C:\Program Files\Git\usr\bin;C:\Program Files\nodejs\;C:\ProgramData\chocolatey\bin;C:\Users\lenvo\Downloads\gradle-8.13\bin;C:\Program Files\nodejs\node_modules\npm\bin;C:\Program Files\apache-maven-3.9.11\bin;C:\Program Files\Docker\Docker\resources\bin;C:\Program Files\Java\jdk-17\bin;C:\Program Files\Kubernetes\Minikube;;C:\WINDOWS\system32;C:\WINDOWS;C:\WINDOWS\System32\Wbem;C:\WINDOWS\System32\WindowsPowerShell\v1.0\;C:\WINDOWS\System32\OpenSSH\;C:\Program Files\Go\bin;C:\Users\lenvo\AppData\Local\Programs\Python\Python314\Scripts\;C:\Users\lenvo\AppData\Local\Programs\Python\Python314\;C:\Users\lenvo\.console-ninja\.bin;C:\Program Files\MySQL\MySQL Shell 8.0\bin\;C:\Users\lenvo\AppData\Local\Microsoft\WindowsApps;C:\Users\lenvo\AppData\Local\Programs\Microsoft VS Code\bin;C:\MinGW\bin;;C:\Users\lenvo\Downloads\IntelliJ IDEA 241.12662.62\bin;C:\Program Files\JetBrains\IntelliJ IDEA Community Edition 2023.3.4\bin;C:\Users\lenvo\AppData\Roaming\npm;C:\Program Files\JetBrains\WebStorm 2025.1.1\bin;;C:\Users\lenvo\AppData\Local\Microsoft\WindowsApps;C:\Users\lenvo\go\bin
USERNAME=lenvo
OS=Windows_NT
PROCESSOR_IDENTIFIER=AMD64 Family 23 Model 104 Stepping 1, AuthenticAMD
TMP=C:\Users\lenvo\AppData\Local\Temp
TEMP=C:\Users\lenvo\AppData\Local\Temp




Periodic native trim disabled

---------------  S Y S T E M  ---------------

OS:
 Windows 11 , 64 bit Build 26100 (10.0.26100.7705)
OS uptime: 0 days 1:39 hours
Hyper-V role detected

CPU: total 12 (initial active 12) (12 cores per cpu, 2 threads per core) family 23 model 104 stepping 1 microcode 0x8608109, cx8, cmov, fxsr, ht, mmx, 3dnowpref, sse, sse2, sse3, ssse3, sse4a, sse4.1, sse4.2, popcnt, lzcnt, tsc, tscinvbit, avx, avx2, aes, clmul, bmi1, bmi2, adx, sha, fma, vzeroupper, clflush, clflushopt, hv, rdtscp, rdpid, f16c
Processor Information for processor 0
  Max Mhz: 2100, Current Mhz: 2100, Mhz Limit: 2100
Processor Information for processor 1
  Max Mhz: 2100, Current Mhz: 1700, Mhz Limit: 2100
Processor Information for processor 2
  Max Mhz: 2100, Current Mhz: 1700, Mhz Limit: 2100
Processor Information for processor 3
  Max Mhz: 2100, Current Mhz: 1700, Mhz Limit: 2100
Processor Information for processor 4
  Max Mhz: 2100, Current Mhz: 1700, Mhz Limit: 2100
Processor Information for processor 5
  Max Mhz: 2100, Current Mhz: 2100, Mhz Limit: 2100
Processor Information for processor 6
  Max Mhz: 2100, Current Mhz: 1700, Mhz Limit: 2100
Processor Information for processor 7
  Max Mhz: 2100, Current Mhz: 1700, Mhz Limit: 2100
Processor Information for processor 8
  Max Mhz: 2100, Current Mhz: 1400, Mhz Limit: 2100
Processor Information for processor 9
  Max Mhz: 2100, Current Mhz: 1400, Mhz Limit: 2100
Processor Information for processor 10
  Max Mhz: 2100, Current Mhz: 1400, Mhz Limit: 2100
Processor Information for processor 11
  Max Mhz: 2100, Current Mhz: 1400, Mhz Limit: 2100

Memory: 4k page, system-wide physical 5989M (314M free)
TotalPageFile size 18789M (AvailPageFile size 52M)
current process WorkingSet (physical memory assigned to process): 13M, peak: 13M
current process commit charge ("private bytes"): 64M, peak: 158M

vm_info: Java HotSpot(TM) 64-Bit Server VM (23.0.2+7-58) for windows-amd64 JRE (23.0.2+7-58), built on 2024-11-29T09:34:55Z with MS VC++ 17.6 (VS2022)

END.
